Running: C:\Xilinx\14.7\ISE_DS\ISE\bin\nt64\unwrapped\fuse.exe -intstyle ise -incremental -o C:/Users/javix/Documents/Practicas EC/PracticasEstructuras/Practica3/ALUMIPSTb_isim_beh.exe -prj C:/Users/javix/Documents/Practicas EC/PracticasEstructuras/Practica3/ALUMIPSTb_beh.prj work.ALUMIPSTb 
ISim P.20131013 (signature 0x7708f090)
Number of CPUs detected in this system: 4
Turning on mult-threading, number of parallel sub-compilation jobs: 8 
Determining compilation order of HDL files
Parsing VHDL file "C:/Users/javix/Documents/Practicas EC/PracticasEstructuras/Practica3/ALUMIPS.vhd" into library work
Parsing VHDL file "C:/Users/javix/Documents/Practicas EC/PracticasEstructuras/Practica3/../ALUMIPSTb.vhd" into library work
Starting static elaboration
Completed static elaboration
Compiling package standard
Compiling package std_logic_1164
Compiling package numeric_std
Compiling package std_logic_arith
Compiling package std_logic_unsigned
Compiling architecture aluarc of entity AluMIPS [alumips_default]
Compiling architecture practica of entity alumipstb
Time Resolution for simulation is 1ps.
Waiting for 1 sub-compilation(s) to finish...
Compiled 8 VHDL Units
Built simulation executable C:/Users/javix/Documents/Practicas EC/PracticasEstructuras/Practica3/ALUMIPSTb_isim_beh.exe
Fuse Memory Usage: 37100 KB
Fuse CPU Usage: 906 ms
