Command line:
   ALUMIPSTb_isim_beh.exe
     -simmode  gui
     -simrunnum  0
     -socket  55244

Tue Mar 14 17:45:38 2017


 Elaboration Time: 0.0625 sec

 Current Memory Usage: 842.306 Meg

 Total Signals          : 26
 Total Nets             : 178
 Total Signal Drivers   : 19
 Total Blocks           : 6
 Total Primitive Blocks : 5
 Total Processes        : 5
 Total Traceable Variables  : 18
 Total Scalar Nets and Variables : 10601
Total Line Count : 66

 Total Simulation Time: 0.15625 sec

 Current Memory Usage: 685.019 Meg

Tue Mar 14 17:46:40 2017

